生成启动时间为 2018/5/2 20:35:17。
     1>项目“K:\Code\DSPDriver\pcieDriverHelper_v1.0.4_170527\pcieDriverHelper\pcieDriverHelper.vcxproj”在节点 2 上(build 个目标)。
     1>InitializeBuildStatus:
         正在创建“Debug\pcieDriverHelper.unsuccessfulbuild”，因为已指定“AlwaysCreate”。
       GenerateTargetFrameworkMonikerAttribute:
       正在跳过目标“GenerateTargetFrameworkMonikerAttribute”，因为所有输出文件相对于输入文件而言都是最新的。
       ClCompile:
         所有输出均为最新。
         所有输出均为最新。
         所有输出均为最新。
       ResourceCompile:
         所有输出均为最新。
       Link:
         所有输出均为最新。
         pcieDriverHelper.vcxproj -> K:\Code\DSPDriver\pcieDriverHelper_v1.0.4_170527\Debug\pcieDriverHelper.dll
       FinalizeBuildStatus:
         正在删除文件“Debug\pcieDriverHelper.unsuccessfulbuild”。
         正在对“Debug\pcieDriverHelper.lastbuildstate”执行 Touch 任务。
     1>已完成生成项目“K:\Code\DSPDriver\pcieDriverHelper_v1.0.4_170527\pcieDriverHelper\pcieDriverHelper.vcxproj”(build 个目标)的操作。

生成成功。

已用时间 00:00:00.18
