D:\CODE\VS2010_PROS\2_UPDATEDRIVER\2017_04_27\PCIEDRIVERHELPER_V1.0.4_170527\PCIEDRIVERHELPER\RELEASE\.NETFRAMEWORK,VERSION=V4.0.ASSEMBLYATTRIBUTES.OBJ
D:\CODE\VS2010_PROS\2_UPDATEDRIVER\2017_04_27\PCIEDRIVERHELPER_V1.0.4_170527\PCIEDRIVERHELPER\RELEASE\APP.RES
D:\CODE\VS2010_PROS\2_UPDATEDRIVER\2017_04_27\PCIEDRIVERHELPER_V1.0.4_170527\PCIEDRIVERHELPER\RELEASE\ASSEMBLYINFO.OBJ
D:\Code\VS2010_Pros\2_UpDateDriver\2017_04_27\pcieDriverHelper_v1.0.4_170527\pcieDriverHelper\Release\cl.command.1.tlog
D:\Code\VS2010_Pros\2_UpDateDriver\2017_04_27\pcieDriverHelper_v1.0.4_170527\pcieDriverHelper\Release\CL.read.1.tlog
D:\Code\VS2010_Pros\2_UpDateDriver\2017_04_27\pcieDriverHelper_v1.0.4_170527\pcieDriverHelper\Release\CL.write.1.tlog
D:\Code\VS2010_Pros\2_UpDateDriver\2017_04_27\pcieDriverHelper_v1.0.4_170527\pcieDriverHelper\Release\link.command.1.tlog
D:\Code\VS2010_Pros\2_UpDateDriver\2017_04_27\pcieDriverHelper_v1.0.4_170527\pcieDriverHelper\Release\link.read.1.tlog
D:\Code\VS2010_Pros\2_UpDateDriver\2017_04_27\pcieDriverHelper_v1.0.4_170527\pcieDriverHelper\Release\link.write.1.tlog
D:\Code\VS2010_Pros\2_UpDateDriver\2017_04_27\pcieDriverHelper_v1.0.4_170527\pcieDriverHelper\Release\link-cvtres.read.1.tlog
D:\Code\VS2010_Pros\2_UpDateDriver\2017_04_27\pcieDriverHelper_v1.0.4_170527\pcieDriverHelper\Release\link-cvtres.write.1.tlog
D:\Code\VS2010_Pros\2_UpDateDriver\2017_04_27\pcieDriverHelper_v1.0.4_170527\pcieDriverHelper\Release\mt.command.1.tlog
D:\Code\VS2010_Pros\2_UpDateDriver\2017_04_27\pcieDriverHelper_v1.0.4_170527\pcieDriverHelper\Release\mt.read.1.tlog
D:\Code\VS2010_Pros\2_UpDateDriver\2017_04_27\pcieDriverHelper_v1.0.4_170527\pcieDriverHelper\Release\mt.write.1.tlog
D:\CODE\VS2010_PROS\2_UPDATEDRIVER\2017_04_27\PCIEDRIVERHELPER_V1.0.4_170527\PCIEDRIVERHELPER\RELEASE\PCIEDRIVER.OBJ
D:\CODE\VS2010_PROS\2_UPDATEDRIVER\2017_04_27\PCIEDRIVERHELPER_V1.0.4_170527\PCIEDRIVERHELPER\RELEASE\PCIEDRIVERHELPER.DLL.INTERMEDIATE.MANIFEST
D:\CODE\VS2010_PROS\2_UPDATEDRIVER\2017_04_27\PCIEDRIVERHELPER_V1.0.4_170527\PCIEDRIVERHELPER\RELEASE\PCIEDRIVERHELPER.OBJ
D:\CODE\VS2010_PROS\2_UPDATEDRIVER\2017_04_27\PCIEDRIVERHELPER_V1.0.4_170527\PCIEDRIVERHELPER\RELEASE\PCIEDRIVERHELPER.PCH
D:\Code\VS2010_Pros\2_UpDateDriver\2017_04_27\pcieDriverHelper_v1.0.4_170527\pcieDriverHelper\Release\pcieDriverHelper.write.1.tlog
D:\Code\VS2010_Pros\2_UpDateDriver\2017_04_27\pcieDriverHelper_v1.0.4_170527\pcieDriverHelper\Release\rc.command.1.tlog
D:\Code\VS2010_Pros\2_UpDateDriver\2017_04_27\pcieDriverHelper_v1.0.4_170527\pcieDriverHelper\Release\rc.read.1.tlog
D:\Code\VS2010_Pros\2_UpDateDriver\2017_04_27\pcieDriverHelper_v1.0.4_170527\pcieDriverHelper\Release\rc.write.1.tlog
D:\CODE\VS2010_PROS\2_UPDATEDRIVER\2017_04_27\PCIEDRIVERHELPER_V1.0.4_170527\PCIEDRIVERHELPER\RELEASE\STDAFX.OBJ
D:\CODE\VS2010_PROS\2_UPDATEDRIVER\2017_04_27\PCIEDRIVERHELPER_V1.0.4_170527\PCIEDRIVERHELPER\RELEASE\VC100.PDB
D:\CODE\VS2010_PROS\2_UPDATEDRIVER\2017_04_27\PCIEDRIVERHELPER_V1.0.4_170527\RELEASE\PCIEDRIVERHELPER.DLL
D:\CODE\VS2010_PROS\2_UPDATEDRIVER\2017_04_27\PCIEDRIVERHELPER_V1.0.4_170527\RELEASE\PCIEDRIVERHELPER.PDB
